2019-11-23 18:07:47,468 [INFO] root consoleworker.py:439	Log file created
2019-11-23 18:07:47,468 [INFO] root consoleworker.py:443	Logging handler <logging.FileHandler object at 0x7f08cd6701d0> added
2019-11-23 18:07:47,468 [INFO] root consoleworker.py:443	Logging handler <logging.StreamHandler object at 0x7f08e0bad410> added
2019-11-23 18:07:47,468 [INFO] root consoleworker.py:443	Logging handler <logging.StreamHandler object at 0x7f08cd6bf190> added
2019-11-23 18:07:47,471 [INFO] root consoleworker.py:378	Created a folder for the test. /home/tsusho/stage-7/2019-highload-dht/logs/2019-11-23_18-07-47.413679
2019-11-23 18:07:47,471 [INFO] yandextank.core.tankcore tankcore.py:237	Configuring plugins...
2019-11-23 18:07:47,471 [INFO] yandextank.core.tankcore tankcore.py:190	Loading plugins...
2019-11-23 18:07:47,471 [DEBUG] yandextank.core.tankcore tankcore.py:192	Loading plugin phantom from yandextank.plugins.Phantom
2019-11-23 18:07:47,471 [DEBUG] yandextank.core.tankcore tankcore.py:192	Loading plugin rcheck from yandextank.plugins.ResourceCheck
2019-11-23 18:07:47,471 [DEBUG] yandextank.core.tankcore tankcore.py:192	Loading plugin json_report from yandextank.plugins.JsonReport
2019-11-23 18:07:47,472 [DEBUG] yandextank.core.tankcore tankcore.py:192	Loading plugin overload from yandextank.plugins.DataUploader
2019-11-23 18:07:47,472 [DEBUG] yandextank.core.tankcore tankcore.py:192	Loading plugin rcassert from yandextank.plugins.RCAssert
2019-11-23 18:07:47,472 [DEBUG] yandextank.core.tankcore tankcore.py:192	Loading plugin console from yandextank.plugins.Console
2019-11-23 18:07:47,472 [DEBUG] yandextank.core.tankcore tankcore.py:192	Loading plugin shellexec from yandextank.plugins.ShellExec
2019-11-23 18:07:47,472 [DEBUG] yandextank.core.tankcore tankcore.py:192	Loading plugin autostop from yandextank.plugins.Autostop
2019-11-23 18:07:47,472 [DEBUG] yandextank.core.tankcore tankcore.py:212	Plugin instances: {'plugin_phantom': <yandextank.plugins.Phantom.plugin.Plugin object at 0x7f08cd67ee50>, 'plugin_autostop': <yandextank.plugins.Autostop.plugin.Plugin object at 0x7f08cd3877d0>, 'plugin_shellexec': <yandextank.plugins.ShellExec.plugin.Plugin object at 0x7f08cd387c50>, 'plugin_console': <yandextank.plugins.Console.plugin.Plugin object at 0x7f08cd387d90>, 'plugin_rcassert': <yandextank.plugins.RCAssert.plugin.Plugin object at 0x7f08cd387510>, 'plugin_rcheck': <yandextank.plugins.ResourceCheck.plugin.Plugin object at 0x7f08cd3d8e10>, 'plugin_overload': <yandextank.plugins.DataUploader.plugin.Plugin object at 0x7f08cd387310>, 'plugin_json_report': <yandextank.plugins.JsonReport.plugin.Plugin object at 0x7f08cd3d8dd0>}
2019-11-23 18:07:47,473 [DEBUG] yandextank.core.tankcore tankcore.py:244	Configuring <yandextank.plugins.Phantom.plugin.Plugin object at 0x7f08cd67ee50>
2019-11-23 18:07:47,473 [DEBUG] yandextank.core.tankcore tankcore.py:395	Searching for plugin: <class 'yandextank.plugins.Autostop.plugin.Plugin'>
2019-11-23 18:07:47,474 [DEBUG] yandextank.core.tankcore tankcore.py:450	Adding artifact file to collect (keep=False): /home/tsusho/stage-7/2019-highload-dht/logs/2019-11-23_18-07-47.413679/answ_Su8K1K.log
2019-11-23 18:07:47,474 [DEBUG] yandextank.core.tankcore tankcore.py:450	Adding artifact file to collect (keep=False): /home/tsusho/stage-7/2019-highload-dht/logs/2019-11-23_18-07-47.413679/phout_KIwtFK.log
2019-11-23 18:07:47,474 [DEBUG] yandextank.core.tankcore tankcore.py:450	Adding artifact file to collect (keep=False): /home/tsusho/stage-7/2019-highload-dht/logs/2019-11-23_18-07-47.413679/phantom_stat_YoqOtP.log
2019-11-23 18:07:47,474 [DEBUG] yandextank.core.tankcore tankcore.py:450	Adding artifact file to collect (keep=False): /home/tsusho/stage-7/2019-highload-dht/logs/2019-11-23_18-07-47.413679/phantom__CesFT.log
2019-11-23 18:07:47,474 [DEBUG] yandextank.common.util util.py:488	Trying to resolve address string: 127.0.0.1:8080
2019-11-23 18:07:47,475 [DEBUG] yandextank.common.util util.py:525	Parsing port
2019-11-23 18:07:47,475 [DEBUG] yandextank.common.util util.py:536	Lookup result: [(2, 1, 6, '', ('127.0.0.1', 8080)), (2, 2, 17, '', ('127.0.0.1', 8080)), (2, 3, 0, '', ('127.0.0.1', 8080))]
2019-11-23 18:07:47,475 [INFO] yandextank.common.util util.py:555	Testing connection to resolved address 127.0.0.1 and port 8080
2019-11-23 18:07:47,476 [INFO] yandextank.plugins.Phantom.utils utils.py:278	Resolved 127.0.0.1 into 127.0.0.1:8080
2019-11-23 18:07:47,476 [INFO] yandextank.stepper.main main.py:161	Configuring StepperWrapper...
2019-11-23 18:07:47,476 [DEBUG] yandextank.stepper.main main.py:140	Option ammofile = get.ammo
2019-11-23 18:07:47,476 [DEBUG] yandextank.stepper.main main.py:140	Option ammo_type = phantom
2019-11-23 18:07:47,476 [DEBUG] yandextank.stepper.main main.py:140	Option loop = -1
2019-11-23 18:07:47,476 [DEBUG] yandextank.stepper.main main.py:140	Option ammo_limit = -1
2019-11-23 18:07:47,476 [DEBUG] yandextank.stepper.main main.py:140	Option load_profile = {'load_type': 'rps', 'schedule': 'line(1, 10000, 30s) const(7000, 4m)'}
2019-11-23 18:07:47,476 [DEBUG] yandextank.stepper.main main.py:140	Option instances = 1000
2019-11-23 18:07:47,476 [DEBUG] yandextank.stepper.main main.py:140	Option uris = []
2019-11-23 18:07:47,476 [DEBUG] yandextank.stepper.main main.py:140	Option headers = []
2019-11-23 18:07:47,476 [DEBUG] yandextank.stepper.main main.py:140	Option header_http = 1.0
2019-11-23 18:07:47,476 [DEBUG] yandextank.stepper.main main.py:140	Option autocases = 0
2019-11-23 18:07:47,477 [DEBUG] yandextank.stepper.main main.py:140	Option enum_ammo = False
2019-11-23 18:07:47,477 [DEBUG] yandextank.stepper.main main.py:140	Option use_caching = True
2019-11-23 18:07:47,477 [DEBUG] yandextank.stepper.main main.py:140	Option file_cache = 8192
2019-11-23 18:07:47,477 [DEBUG] yandextank.stepper.main main.py:140	Option cache_dir = None
2019-11-23 18:07:47,477 [DEBUG] yandextank.stepper.main main.py:140	Option force_stepping = 0
2019-11-23 18:07:47,477 [DEBUG] yandextank.stepper.main main.py:140	Option load_profile = {'load_type': 'rps', 'schedule': 'line(1, 10000, 30s) const(7000, 4m)'}
2019-11-23 18:07:47,477 [DEBUG] yandextank.stepper.main main.py:140	Option chosen_cases = 
2019-11-23 18:07:47,479 [ERROR] root consoleworker.py:267	Exception occurred:
<type 'exceptions.OSError'>: [Errno 2] No such file or directory: 'get.ammo'
  File "/usr/local/lib/python2.7/dist-packages/yandextank/core/consoleworker.py", line 380, in run
    self.core.plugins_configure()

  File "/usr/local/lib/python2.7/dist-packages/yandextank/core/tankcore.py", line 245, in plugins_configure
    plugin.configure()

  File "/usr/local/lib/python2.7/dist-packages/yandextank/plugins/Phantom/plugin.py", line 73, in configure
    self.phantom_config = self.phantom.config_file

  File "/usr/local/lib/python2.7/dist-packages/yandextank/plugins/Phantom/utils.py", line 106, in config_file
    self._config_file = self.compose_config()

  File "/usr/local/lib/python2.7/dist-packages/yandextank/plugins/Phantom/utils.py", line 114, in compose_config
    streams_config += stream.compose_config()

  File "/usr/local/lib/python2.7/dist-packages/yandextank/plugins/Phantom/utils.py", line 288, in compose_config
    self.stepper_wrapper.prepare_stepper()

  File "/usr/local/lib/python2.7/dist-packages/yandextank/stepper/main.py", line 212, in prepare_stepper
    self.stpd = self.__get_stpd_filename()

  File "/usr/local/lib/python2.7/dist-packages/yandextank/stepper/main.py", line 263, in __get_stpd_filename
    hashed_str += sep + opener.hash

  File "/usr/local/lib/python2.7/dist-packages/netort/resource.py", line 151, in hash
    stat = os.stat(self.f_path)

2019-11-23 18:07:47,479 [INFO] root consoleworker.py:268	Trying to clean up
2019-11-23 18:07:47,479 [INFO] yandextank.core.tankcore tankcore.py:565	Releasing lock: /var/lock/lunapark_AJ9B0S.lock
2019-11-23 18:07:47,480 [WARNING] root consoleworker.py:413	Job number is not available yet
2019-11-23 18:07:47,480 [WARNING] root consoleworker.py:420	Job number is not available yet
2019-11-23 18:07:47,483 [DEBUG] yandextank.core.tankcore tankcore.py:371	Collecting artifacts
2019-11-23 18:07:47,483 [INFO] yandextank.core.tankcore tankcore.py:372	Artifacts dir: /home/tsusho/stage-7/2019-highload-dht/logs/2019-11-23_18-07-47.413679
2019-11-23 18:07:47,483 [DEBUG] yandextank.core.tankcore tankcore.py:426	Collecting file: /home/tsusho/stage-7/2019-highload-dht/logs/2019-11-23_18-07-47.413679/phout_KIwtFK.log to /home/tsusho/stage-7/2019-highload-dht/logs/2019-11-23_18-07-47.413679/phout_KIwtFK.log
2019-11-23 18:07:47,483 [WARNING] yandextank.core.tankcore tankcore.py:433	File already exists: /home/tsusho/stage-7/2019-highload-dht/logs/2019-11-23_18-07-47.413679/phout_KIwtFK.log
2019-11-23 18:07:47,484 [DEBUG] yandextank.core.tankcore tankcore.py:426	Collecting file: /home/tsusho/stage-7/2019-highload-dht/logs/2019-11-23_18-07-47.413679/phantom__CesFT.log to /home/tsusho/stage-7/2019-highload-dht/logs/2019-11-23_18-07-47.413679/phantom__CesFT.log
2019-11-23 18:07:47,484 [WARNING] yandextank.core.tankcore tankcore.py:433	File already exists: /home/tsusho/stage-7/2019-highload-dht/logs/2019-11-23_18-07-47.413679/phantom__CesFT.log
2019-11-23 18:07:47,484 [DEBUG] yandextank.core.tankcore tankcore.py:426	Collecting file: validation_error.yaml to /home/tsusho/stage-7/2019-highload-dht/logs/2019-11-23_18-07-47.413679/validation_error.yaml
2019-11-23 18:07:47,484 [WARNING] yandextank.core.tankcore tankcore.py:428	File not found to collect: validation_error.yaml
2019-11-23 18:07:47,484 [DEBUG] yandextank.core.tankcore tankcore.py:426	Collecting file: /home/tsusho/stage-7/2019-highload-dht/logs/2019-11-23_18-07-47.413679/phantom_stat_YoqOtP.log to /home/tsusho/stage-7/2019-highload-dht/logs/2019-11-23_18-07-47.413679/phantom_stat_YoqOtP.log
2019-11-23 18:07:47,484 [WARNING] yandextank.core.tankcore tankcore.py:433	File already exists: /home/tsusho/stage-7/2019-highload-dht/logs/2019-11-23_18-07-47.413679/phantom_stat_YoqOtP.log
2019-11-23 18:07:47,484 [DEBUG] yandextank.core.tankcore tankcore.py:426	Collecting file: /home/tsusho/stage-7/2019-highload-dht/logs/2019-11-23_18-07-47.413679/answ_Su8K1K.log to /home/tsusho/stage-7/2019-highload-dht/logs/2019-11-23_18-07-47.413679/answ_Su8K1K.log
2019-11-23 18:07:47,484 [WARNING] yandextank.core.tankcore tankcore.py:433	File already exists: /home/tsusho/stage-7/2019-highload-dht/logs/2019-11-23_18-07-47.413679/answ_Su8K1K.log
